<?xml version="1.0" encoding="UTF-8"?>
<testng-results ignored="0" total="1" passed="1" failed="0" skipped="0">
  <reporter-output>
  </reporter-output>
  <suite started-at="2022-10-26T11:20:24 IST" name="ValidateDataAfterMigration" finished-at="2022-10-26T11:20:29 IST" duration-ms="5079">
    <groups>
    </groups>
    <test started-at="2022-10-26T11:20:24 IST" name="DemoDataValidation" finished-at="2022-10-26T11:20:29 IST" duration-ms="5079">
      <class name="tests.DemoDataValidation">
        <test-method is-config="true" signature="initiaization()[pri:0, instance:tests.DemoDataValidation@b968a76]" started-at="2022-10-26T11:20:24 IST" name="initiaization" finished-at="2022-10-26T11:20:24 IST" duration-ms="21" status="PASS">
          <reporter-output>
          </reporter-output>
        </test-method> <!-- initiaization -->
        <test-method signature="testDataValidation(java.lang.String,java.lang.String,java.lang.String,java.lang.String)[pri:0, instance:tests.DemoDataValidation@b968a76]" started-at="2022-10-26T11:20:24 IST" name="testDataValidation" finished-at="2022-10-26T11:20:29 IST" duration-ms="5045" status="PASS">
          <params>
            <param index="0">
              <value>
                <![CDATA[creator2_Test@test16_wso2.com]]>
              </value>
            </param>
            <param index="1">
              <value>
                <![CDATA[creator2_Test]]>
              </value>
            </param>
            <param index="2">
              <value>
                <![CDATA[TEST API 1]]>
              </value>
            </param>
            <param index="3">
              <value>
                <![CDATA[http://localhost:8280/t/test16_wso2.com/test16/1.0.0/menu]]>
              </value>
            </param>
          </params>
          <reporter-output>
          </reporter-output>
        </test-method> <!-- testDataValidation -->
      </class> <!-- tests.DemoDataValidation -->
    </test> <!-- DemoDataValidation -->
  </suite> <!-- ValidateDataAfterMigration -->
</testng-results>
